# JRE version: OpenJDK Runtime Environment (11.0.8+10) (build 11.0.8+10-b944.6842174)
# Java VM: OpenJDK 64-Bit Server VM (11.0.8+10-b944.6842174, mixed mode, tiered, compressed oops, g1 gc, windows-amd64)
Heap:
 garbage-first heap   total 392192K, used 242775K [0x0000000080000000, 0x0000000100000000)
  region size 1024K, 125 young (128000K), 2 survivors (2048K)
 Metaspace       used 196895K, capacity 201807K, committed 207692K, reserved 1226752K
  class space    used 22829K, capacity 24506K, committed 29824K, reserved 1048576K
GC Heap History (20 events):
Event: 7565.054 GC heap before
{Heap before GC invocations=307 (full 0):
 garbage-first heap   total 392192K, used 134497K [0x0000000080000000, 0x0000000100000000)
  region size 1024K, 11 young (11264K), 2 survivors (2048K)
 Metaspace       used 194923K, capacity 199745K, committed 205900K, reserved 1224704K
  class space    used 22622K, capacity 24259K, committed 29824K, reserved 1048576K
}
Event: 7565.065 GC heap after
{Heap after GC invocations=308 (full 0):
 garbage-first heap   total 392192K, used 129377K [0x0000000080000000, 0x0000000100000000)
  region size 1024K, 5 young (5120K), 5 survivors (5120K)
 Metaspace       used 194923K, capacity 199745K, committed 205900K, reserved 1224704K
  class space    used 22622K, capacity 24259K, committed 29824K, reserved 1048576K
}
Event: 7588.282 GC heap before
{Heap before GC invocations=309 (full 0):
 garbage-first heap   total 392192K, used 322913K [0x0000000080000000, 0x0000000100000000)
  region size 1024K, 179 young (183296K), 5 survivors (5120K)
 Metaspace       used 194979K, capacity 199836K, committed 205900K, reserved 1224704K
  class space    used 22626K, capacity 24263K, committed 29824K, reserved 1048576K
}
Event: 7588.293 GC heap after
{Heap after GC invocations=310 (full 0):
 garbage-first heap   total 392192K, used 130700K [0x0000000080000000, 0x0000000100000000)
  region size 1024K, 7 young (7168K), 7 survivors (7168K)
 Metaspace       used 194979K, capacity 199836K, committed 205900K, reserved 1224704K
  class space    used 22626K, capacity 24263K, committed 29824K, reserved 1048576K
}
Event: 7588.336 GC heap before
{Heap before GC invocations=310 (full 0):
 garbage-first heap   total 392192K, used 141964K [0x0000000080000000, 0x0000000100000000)
  region size 1024K, 19 young (19456K), 7 survivors (7168K)
 Metaspace       used 194979K, capacity 199836K, committed 205900K, reserved 1224704K
  class space    used 22626K, capacity 24263K, committed 29824K, reserved 1048576K
}
Event: 7588.348 GC heap after
{Heap after GC invocations=311 (full 0):
 garbage-first heap   total 392192K, used 116135K [0x0000000080000000, 0x0000000100000000)
  region size 1024K, 1 young (1024K), 1 survivors (1024K)
 Metaspace       used 194979K, capacity 199836K, committed 205900K, reserved 1224704K
  class space    used 22626K, capacity 24263K, committed 29824K, reserved 1048576K
}
Event: 7639.095 GC heap before
{Heap before GC invocations=311 (full 0):
 garbage-first heap   total 392192K, used 311719K [0x0000000080000000, 0x0000000100000000)
  region size 1024K, 193 young (197632K), 1 survivors (1024K)
 Metaspace       used 195104K, capacity 199971K, committed 206156K, reserved 1226752K
  class space    used 22627K, capacity 24264K, committed 29824K, reserved 1048576K
}
Event: 7639.106 GC heap after
{Heap after GC invocations=312 (full 0):
 garbage-first heap   total 392192K, used 121969K [0x0000000080000000, 0x0000000100000000)
  region size 1024K, 7 young (7168K), 7 survivors (7168K)
 Metaspace       used 195104K, capacity 199971K, committed 206156K, reserved 1226752K
  class space    used 22627K, capacity 24264K, committed 29824K, reserved 1048576K
}
Event: 7647.234 GC heap before
{Heap before GC invocations=313 (full 0):
 garbage-first heap   total 392192K, used 312433K [0x0000000080000000, 0x0000000100000000)
  region size 1024K, 197 young (201728K), 7 survivors (7168K)
 Metaspace       used 195366K, capacity 200233K, committed 206412K, reserved 1226752K
  class space    used 22650K, capacity 24266K, committed 29824K, reserved 1048576K
}
Event: 7647.249 GC heap after
{Heap after GC invocations=314 (full 0):
 garbage-first heap   total 392192K, used 133747K [0x0000000080000000, 0x0000000100000000)
  region size 1024K, 23 young (23552K), 23 survivors (23552K)
 Metaspace       used 195366K, capacity 200233K, committed 206412K, reserved 1226752K
  class space    used 22650K, capacity 24266K, committed 29824K, reserved 1048576K
}
Event: 7647.251 GC heap before
{Heap before GC invocations=314 (full 0):
 garbage-first heap   total 392192K, used 134771K [0x0000000080000000, 0x0000000100000000)
  region size 1024K, 24 young (24576K), 23 survivors (23552K)
 Metaspace       used 195366K, capacity 200233K, committed 206412K, reserved 1226752K
  class space    used 22650K, capacity 24266K, committed 29824K, reserved 1048576K
}
Event: 7647.267 GC heap after
{Heap after GC invocations=315 (full 0):
 garbage-first heap   total 392192K, used 121123K [0x0000000080000000, 0x0000000100000000)
  region size 1024K, 3 young (3072K), 3 survivors (3072K)
 Metaspace       used 195366K, capacity 200233K, committed 206412K, reserved 1226752K
  class space    used 22650K, capacity 24266K, committed 29824K, reserved 1048576K
}
Event: 7647.285 GC heap before
{Heap before GC invocations=315 (full 0):
 garbage-first heap   total 392192K, used 125219K [0x0000000080000000, 0x0000000100000000)
  region size 1024K, 8 young (8192K), 3 survivors (3072K)
 Metaspace       used 195366K, capacity 200233K, committed 206412K, reserved 1226752K
  class space    used 22650K, capacity 24266K, committed 29824K, reserved 1048576K
}
Event: 7647.296 GC heap after
{Heap after GC invocations=316 (full 0):
 garbage-first heap   total 392192K, used 120996K [0x0000000080000000, 0x0000000100000000)
  region size 1024K, 3 young (3072K), 3 survivors (3072K)
 Metaspace       used 195366K, capacity 200233K, committed 206412K, reserved 1226752K
  class space    used 22650K, capacity 24266K, committed 29824K, reserved 1048576K
}
Event: 7648.131 GC heap before
{Heap before GC invocations=317 (full 0):
 garbage-first heap   total 392192K, used 321700K [0x0000000080000000, 0x0000000100000000)
  region size 1024K, 176 young (180224K), 3 survivors (3072K)
 Metaspace       used 196398K, capacity 201309K, committed 207180K, reserved 1226752K
  class space    used 22762K, capacity 24408K, committed 29824K, reserved 1048576K
}
Event: 7648.143 GC heap after
{Heap after GC invocations=318 (full 0):
 garbage-first heap   total 392192K, used 123954K [0x0000000080000000, 0x0000000100000000)
  region size 1024K, 5 young (5120K), 5 survivors (5120K)
 Metaspace       used 196398K, capacity 201309K, committed 207180K, reserved 1226752K
  class space    used 22762K, capacity 24408K, committed 29824K, reserved 1048576K
}
Event: 7648.243 GC heap before
{Heap before GC invocations=318 (full 0):
 garbage-first heap   total 392192K, used 137266K [0x0000000080000000, 0x0000000100000000)
  region size 1024K, 19 young (19456K), 5 survivors (5120K)
 Metaspace       used 196488K, capacity 201339K, committed 207180K, reserved 1226752K
  class space    used 22774K, capacity 24416K, committed 29824K, reserved 1048576K
}
Event: 7648.254 GC heap after
{Heap after GC invocations=319 (full 0):
 garbage-first heap   total 392192K, used 119124K [0x0000000080000000, 0x0000000100000000)
  region size 1024K, 1 young (1024K), 1 survivors (1024K)
 Metaspace       used 196488K, capacity 201339K, committed 207180K, reserved 1226752K
  class space    used 22774K, capacity 24416K, committed 29824K, reserved 1048576K
}
Event: 7648.372 GC heap before
{Heap before GC invocations=319 (full 0):
 garbage-first heap   total 392192K, used 151892K [0x0000000080000000, 0x0000000100000000)
  region size 1024K, 35 young (35840K), 1 survivors (1024K)
 Metaspace       used 196628K, capacity 201537K, committed 207436K, reserved 1226752K
  class space    used 22796K, capacity 24460K, committed 29824K, reserved 1048576K
}
Event: 7648.377 GC heap after
{Heap after GC invocations=320 (full 0):
 garbage-first heap   total 392192K, used 119895K [0x0000000080000000, 0x0000000100000000)
  region size 1024K, 2 young (2048K), 2 survivors (2048K)
 Metaspace       used 196628K, capacity 201537K, committed 207436K, reserved 1226752K
  class space    used 22796K, capacity 24460K, committed 29824K, reserved 1048576K
}

