# JRE version: OpenJDK Runtime Environment (11.0.8+10) (build 11.0.8+10-b944.6842174)
# Java VM: OpenJDK 64-Bit Server VM (11.0.8+10-b944.6842174, mixed mode, tiered, compressed oops, g1 gc, windows-amd64)
Heap:
 garbage-first heap   total 595968K, used 183309K [0x0000000080000000, 0x0000000100000000)
  region size 1024K, 13 young (13312K), 13 survivors (13312K)
 Metaspace       used 103895K, capacity 106480K, committed 106808K, reserved 1142784K
  class space    used 13051K, capacity 14034K, committed 14188K, reserved 1048576K
GC Heap History (20 events):
Event: 17.220 GC heap after
{Heap after GC invocations=27 (full 0):
 garbage-first heap   total 312320K, used 145471K [0x0000000080000000, 0x0000000100000000)
  region size 1024K, 6 young (6144K), 6 survivors (6144K)
 Metaspace       used 102189K, capacity 104734K, committed 105528K, reserved 1140736K
  class space    used 12952K, capacity 13872K, committed 14188K, reserved 1048576K
}
Event: 17.631 GC heap before
{Heap before GC invocations=27 (full 0):
 garbage-first heap   total 312320K, used 241727K [0x0000000080000000, 0x0000000100000000)
  region size 1024K, 100 young (102400K), 6 survivors (6144K)
 Metaspace       used 102812K, capacity 105285K, committed 106040K, reserved 1140736K
  class space    used 13005K, capacity 13924K, committed 14188K, reserved 1048576K
}
Event: 17.646 GC heap after
{Heap after GC invocations=28 (full 0):
 garbage-first heap   total 312320K, used 148968K [0x0000000080000000, 0x0000000100000000)
  region size 1024K, 9 young (9216K), 9 survivors (9216K)
 Metaspace       used 102812K, capacity 105285K, committed 106040K, reserved 1140736K
  class space    used 13005K, capacity 13924K, committed 14188K, reserved 1048576K
}
Event: 17.910 GC heap before
{Heap before GC invocations=28 (full 0):
 garbage-first heap   total 312320K, used 247272K [0x0000000080000000, 0x0000000100000000)
  region size 1024K, 105 young (107520K), 9 survivors (9216K)
 Metaspace       used 102937K, capacity 105486K, committed 106040K, reserved 1140736K
  class space    used 13006K, capacity 13925K, committed 14188K, reserved 1048576K
}
Event: 17.928 GC heap after
{Heap after GC invocations=29 (full 0):
 garbage-first heap   total 374784K, used 153277K [0x0000000080000000, 0x0000000100000000)
  region size 1024K, 11 young (11264K), 11 survivors (11264K)
 Metaspace       used 102937K, capacity 105486K, committed 106040K, reserved 1140736K
  class space    used 13006K, capacity 13925K, committed 14188K, reserved 1048576K
}
Event: 18.265 GC heap before
{Heap before GC invocations=29 (full 0):
 garbage-first heap   total 374784K, used 289469K [0x0000000080000000, 0x0000000100000000)
  region size 1024K, 145 young (148480K), 11 survivors (11264K)
 Metaspace       used 103083K, capacity 105627K, committed 106296K, reserved 1140736K
  class space    used 13007K, capacity 13925K, committed 14188K, reserved 1048576K
}
Event: 18.282 GC heap after
{Heap after GC invocations=30 (full 0):
 garbage-first heap   total 374784K, used 158016K [0x0000000080000000, 0x0000000100000000)
  region size 1024K, 13 young (13312K), 13 survivors (13312K)
 Metaspace       used 103083K, capacity 105627K, committed 106296K, reserved 1140736K
  class space    used 13007K, capacity 13925K, committed 14188K, reserved 1048576K
}
Event: 18.600 GC heap before
{Heap before GC invocations=30 (full 0):
 garbage-first heap   total 374784K, used 295232K [0x0000000080000000, 0x0000000100000000)
  region size 1024K, 148 young (151552K), 13 survivors (13312K)
 Metaspace       used 103369K, capacity 105949K, committed 106296K, reserved 1140736K
  class space    used 13039K, capacity 14027K, committed 14188K, reserved 1048576K
}
Event: 18.619 GC heap after
{Heap after GC invocations=31 (full 0):
 garbage-first heap   total 374784K, used 160113K [0x0000000080000000, 0x0000000100000000)
  region size 1024K, 13 young (13312K), 13 survivors (13312K)
 Metaspace       used 103369K, capacity 105949K, committed 106296K, reserved 1140736K
  class space    used 13039K, capacity 14027K, committed 14188K, reserved 1048576K
}
Event: 19.019 GC heap before
{Heap before GC invocations=31 (full 0):
 garbage-first heap   total 374784K, used 302449K [0x0000000080000000, 0x0000000100000000)
  region size 1024K, 152 young (155648K), 13 survivors (13312K)
 Metaspace       used 103509K, capacity 106174K, committed 106552K, reserved 1142784K
  class space    used 13043K, capacity 14033K, committed 14188K, reserved 1048576K
}
Event: 19.040 GC heap after
{Heap after GC invocations=32 (full 0):
 garbage-first heap   total 374784K, used 162494K [0x0000000080000000, 0x0000000100000000)
  region size 1024K, 8 young (8192K), 8 survivors (8192K)
 Metaspace       used 103509K, capacity 106174K, committed 106552K, reserved 1142784K
  class space    used 13043K, capacity 14033K, committed 14188K, reserved 1048576K
}
Event: 19.340 GC heap before
{Heap before GC invocations=32 (full 0):
 garbage-first heap   total 374784K, used 304830K [0x0000000080000000, 0x0000000100000000)
  region size 1024K, 148 young (151552K), 8 survivors (8192K)
 Metaspace       used 103562K, capacity 106177K, committed 106552K, reserved 1142784K
  class space    used 13047K, capacity 14033K, committed 14188K, reserved 1048576K
}
Event: 19.360 GC heap after
{Heap after GC invocations=33 (full 0):
 garbage-first heap   total 456704K, used 166875K [0x0000000080000000, 0x0000000100000000)
  region size 1024K, 12 young (12288K), 12 survivors (12288K)
 Metaspace       used 103562K, capacity 106177K, committed 106552K, reserved 1142784K
  class space    used 13047K, capacity 14033K, committed 14188K, reserved 1048576K
}
Event: 19.744 GC heap before
{Heap before GC invocations=33 (full 0):
 garbage-first heap   total 456704K, used 375771K [0x0000000080000000, 0x0000000100000000)
  region size 1024K, 216 young (221184K), 12 survivors (12288K)
 Metaspace       used 103605K, capacity 106245K, committed 106552K, reserved 1142784K
  class space    used 13047K, capacity 14033K, committed 14188K, reserved 1048576K
}
Event: 19.764 GC heap after
{Heap after GC invocations=34 (full 0):
 garbage-first heap   total 456704K, used 172950K [0x0000000080000000, 0x0000000100000000)
  region size 1024K, 18 young (18432K), 18 survivors (18432K)
 Metaspace       used 103605K, capacity 106245K, committed 106552K, reserved 1142784K
  class space    used 13047K, capacity 14033K, committed 14188K, reserved 1048576K
}
Event: 20.123 GC heap before
{Heap before GC invocations=34 (full 0):
 garbage-first heap   total 456704K, used 375702K [0x0000000080000000, 0x0000000100000000)
  region size 1024K, 217 young (222208K), 18 survivors (18432K)
 Metaspace       used 103675K, capacity 106314K, committed 106808K, reserved 1142784K
  class space    used 13047K, capacity 14033K, committed 14188K, reserved 1048576K
}
Event: 20.148 GC heap after
{Heap after GC invocations=35 (full 0):
 garbage-first heap   total 456704K, used 176862K [0x0000000080000000, 0x0000000100000000)
  region size 1024K, 18 young (18432K), 18 survivors (18432K)
 Metaspace       used 103675K, capacity 106314K, committed 106808K, reserved 1142784K
  class space    used 13047K, capacity 14033K, committed 14188K, reserved 1048576K
}
Event: 20.576 GC heap before
{Heap before GC invocations=35 (full 0):
 garbage-first heap   total 456704K, used 385758K [0x0000000080000000, 0x0000000100000000)
  region size 1024K, 222 young (227328K), 18 survivors (18432K)
 Metaspace       used 103834K, capacity 106471K, committed 106808K, reserved 1142784K
  class space    used 13049K, capacity 14033K, committed 14188K, reserved 1048576K
}
Event: 20.611 GC heap after
{Heap after GC invocations=36 (full 0):
 garbage-first heap   total 456704K, used 183828K [0x0000000080000000, 0x0000000100000000)
  region size 1024K, 22 young (22528K), 22 survivors (22528K)
 Metaspace       used 103834K, capacity 106471K, committed 106808K, reserved 1142784K
  class space    used 13049K, capacity 14033K, committed 14188K, reserved 1048576K
}
Event: 21.039 GC heap before
{Heap before GC invocations=36 (full 0):
 garbage-first heap   total 456704K, used 379412K [0x0000000080000000, 0x0000000100000000)
  region size 1024K, 214 young (219136K), 22 survivors (22528K)
 Metaspace       used 103895K, capacity 106480K, committed 106808K, reserved 1142784K
  class space    used 13051K, capacity 14034K, committed 14188K, reserved 1048576K
}

