# JRE version: OpenJDK Runtime Environment (11.0.8+10) (build 11.0.8+10-b944.6842174)
# Java VM: OpenJDK 64-Bit Server VM (11.0.8+10-b944.6842174, mixed mode, tiered, compressed oops, g1 gc, windows-amd64)
Heap:
 garbage-first heap   total 477184K, used 240507K [0x0000000080000000, 0x0000000100000000)
  region size 1024K, 127 young (130048K), 6 survivors (6144K)
 Metaspace       used 191510K, capacity 196241K, committed 196664K, reserved 1220608K
  class space    used 22876K, capacity 24459K, committed 24780K, reserved 1048576K
GC Heap History (20 events):
Event: 5497.898 GC heap before
{Heap before GC invocations=142 (full 0):
 garbage-first heap   total 333824K, used 256176K [0x0000000080000000, 0x0000000100000000)
  region size 1024K, 79 young (80896K), 2 survivors (2048K)
 Metaspace       used 176390K, capacity 180244K, committed 190008K, reserved 1214464K
  class space    used 21022K, capacity 22356K, committed 24780K, reserved 1048576K
}
Event: 5497.909 GC heap after
{Heap after GC invocations=143 (full 0):
 garbage-first heap   total 333824K, used 175634K [0x0000000080000000, 0x0000000100000000)
  region size 1024K, 5 young (5120K), 5 survivors (5120K)
 Metaspace       used 176390K, capacity 180244K, committed 190008K, reserved 1214464K
  class space    used 21022K, capacity 22356K, committed 24780K, reserved 1048576K
}
Event: 5498.545 GC heap before
{Heap before GC invocations=144 (full 0):
 garbage-first heap   total 333824K, used 249362K [0x0000000080000000, 0x0000000100000000)
  region size 1024K, 88 young (90112K), 5 survivors (5120K)
 Metaspace       used 179145K, capacity 182981K, committed 190008K, reserved 1214464K
  class space    used 21253K, capacity 22587K, committed 24780K, reserved 1048576K
}
Event: 5498.555 GC heap after
{Heap after GC invocations=145 (full 0):
 garbage-first heap   total 333824K, used 172144K [0x0000000080000000, 0x0000000100000000)
  region size 1024K, 11 young (11264K), 11 survivors (11264K)
 Metaspace       used 179145K, capacity 182981K, committed 190008K, reserved 1214464K
  class space    used 21253K, capacity 22587K, committed 24780K, reserved 1048576K
}
Event: 5498.624 GC heap before
{Heap before GC invocations=145 (full 0):
 garbage-first heap   total 333824K, used 177264K [0x0000000080000000, 0x0000000100000000)
  region size 1024K, 16 young (16384K), 11 survivors (11264K)
 Metaspace       used 179976K, capacity 183845K, committed 190008K, reserved 1214464K
  class space    used 21330K, capacity 22683K, committed 24780K, reserved 1048576K
}
Event: 5498.648 GC heap after
{Heap after GC invocations=146 (full 0):
 garbage-first heap   total 477184K, used 147977K [0x0000000080000000, 0x0000000100000000)
  region size 1024K, 2 young (2048K), 2 survivors (2048K)
 Metaspace       used 179976K, capacity 183845K, committed 190008K, reserved 1214464K
  class space    used 21330K, capacity 22683K, committed 24780K, reserved 1048576K
}
Event: 5499.480 GC heap before
{Heap before GC invocations=146 (full 0):
 garbage-first heap   total 477184K, used 243209K [0x0000000080000000, 0x0000000100000000)
  region size 1024K, 96 young (98304K), 2 survivors (2048K)
 Metaspace       used 188571K, capacity 192510K, committed 193592K, reserved 1218560K
  class space    used 22487K, capacity 23859K, committed 24780K, reserved 1048576K
}
Event: 5499.504 GC heap after
{Heap after GC invocations=147 (full 0):
 garbage-first heap   total 477184K, used 177514K [0x0000000080000000, 0x0000000100000000)
  region size 1024K, 20 young (20480K), 20 survivors (20480K)
 Metaspace       used 188571K, capacity 192510K, committed 193592K, reserved 1218560K
  class space    used 22487K, capacity 23859K, committed 24780K, reserved 1048576K
}
Event: 5500.090 GC heap before
{Heap before GC invocations=148 (full 0):
 garbage-first heap   total 477184K, used 311658K [0x0000000080000000, 0x0000000100000000)
  region size 1024K, 160 young (163840K), 20 survivors (20480K)
 Metaspace       used 189344K, capacity 193313K, committed 194360K, reserved 1218560K
  class space    used 22557K, capacity 23930K, committed 24780K, reserved 1048576K
}
Event: 5500.107 GC heap after
{Heap after GC invocations=149 (full 0):
 garbage-first heap   total 477184K, used 171975K [0x0000000080000000, 0x0000000100000000)
  region size 1024K, 11 young (11264K), 11 survivors (11264K)
 Metaspace       used 189344K, capacity 193313K, committed 194360K, reserved 1218560K
  class space    used 22557K, capacity 23930K, committed 24780K, reserved 1048576K
}
Event: 5500.128 GC heap before
{Heap before GC invocations=149 (full 0):
 garbage-first heap   total 477184K, used 183239K [0x0000000080000000, 0x0000000100000000)
  region size 1024K, 23 young (23552K), 11 survivors (11264K)
 Metaspace       used 189358K, capacity 193314K, committed 194360K, reserved 1218560K
  class space    used 22557K, capacity 23930K, committed 24780K, reserved 1048576K
}
Event: 5500.139 GC heap after
{Heap after GC invocations=150 (full 0):
 garbage-first heap   total 477184K, used 156672K [0x0000000080000000, 0x0000000100000000)
  region size 1024K, 3 young (3072K), 3 survivors (3072K)
 Metaspace       used 189358K, capacity 193314K, committed 194360K, reserved 1218560K
  class space    used 22557K, capacity 23930K, committed 24780K, reserved 1048576K
}
Event: 5500.242 GC heap before
{Heap before GC invocations=150 (full 0):
 garbage-first heap   total 477184K, used 199680K [0x0000000080000000, 0x0000000100000000)
  region size 1024K, 47 young (48128K), 3 survivors (3072K)
 Metaspace       used 189361K, capacity 193314K, committed 194360K, reserved 1218560K
  class space    used 22557K, capacity 23930K, committed 24780K, reserved 1048576K
}
Event: 5500.249 GC heap after
{Heap after GC invocations=151 (full 0):
 garbage-first heap   total 477184K, used 158826K [0x0000000080000000, 0x0000000100000000)
  region size 1024K, 6 young (6144K), 6 survivors (6144K)
 Metaspace       used 189361K, capacity 193314K, committed 194360K, reserved 1218560K
  class space    used 22557K, capacity 23930K, committed 24780K, reserved 1048576K
}
Event: 5500.938 GC heap before
{Heap before GC invocations=152 (full 0):
 garbage-first heap   total 477184K, used 316522K [0x0000000080000000, 0x0000000100000000)
  region size 1024K, 156 young (159744K), 6 survivors (6144K)
 Metaspace       used 189771K, capacity 193745K, committed 194616K, reserved 1218560K
  class space    used 22601K, capacity 23959K, committed 24780K, reserved 1048576K
}
Event: 5500.942 GC heap after
{Heap after GC invocations=153 (full 0):
 garbage-first heap   total 477184K, used 155488K [0x0000000080000000, 0x0000000100000000)
  region size 1024K, 4 young (4096K), 4 survivors (4096K)
 Metaspace       used 189771K, capacity 193745K, committed 194616K, reserved 1218560K
  class space    used 22601K, capacity 23959K, committed 24780K, reserved 1048576K
}
Event: 5504.214 GC heap before
{Heap before GC invocations=153 (full 0):
 garbage-first heap   total 477184K, used 181088K [0x0000000080000000, 0x0000000100000000)
  region size 1024K, 23 young (23552K), 4 survivors (4096K)
 Metaspace       used 189871K, capacity 193892K, committed 194872K, reserved 1220608K
  class space    used 22606K, capacity 23962K, committed 24780K, reserved 1048576K
}
Event: 5504.226 GC heap after
{Heap after GC invocations=154 (full 0):
 garbage-first heap   total 477184K, used 122925K [0x0000000080000000, 0x0000000100000000)
  region size 1024K, 3 young (3072K), 3 survivors (3072K)
 Metaspace       used 189871K, capacity 193892K, committed 194872K, reserved 1220608K
  class space    used 22606K, capacity 23962K, committed 24780K, reserved 1048576K
}
Event: 5520.237 GC heap before
{Heap before GC invocations=154 (full 0):
 garbage-first heap   total 477184K, used 351277K [0x0000000080000000, 0x0000000100000000)
  region size 1024K, 227 young (232448K), 3 survivors (3072K)
 Metaspace       used 191228K, capacity 195812K, committed 196408K, reserved 1220608K
  class space    used 22847K, capacity 24406K, committed 24780K, reserved 1048576K
}
Event: 5520.247 GC heap after
{Heap after GC invocations=155 (full 0):
 garbage-first heap   total 477184K, used 126843K [0x0000000080000000, 0x0000000100000000)
  region size 1024K, 6 young (6144K), 6 survivors (6144K)
 Metaspace       used 191228K, capacity 195812K, committed 196408K, reserved 1220608K
  class space    used 22847K, capacity 24406K, committed 24780K, reserved 1048576K
}

