# JRE version: OpenJDK Runtime Environment (11.0.8+10) (build 11.0.8+10-b944.6842174)
# Java VM: OpenJDK 64-Bit Server VM (11.0.8+10-b944.6842174, mixed mode, tiered, compressed oops, g1 gc, windows-amd64)
Heap:
 garbage-first heap   total 519168K, used 250188K [0x0000000080000000, 0x0000000100000000)
  region size 1024K, 2 young (2048K), 2 survivors (2048K)
 Metaspace       used 129274K, capacity 132321K, committed 132512K, reserved 1165312K
  class space    used 15960K, capacity 17058K, committed 17152K, reserved 1048576K
GC Heap History (20 events):
Event: 52.475 GC heap after
{Heap after GC invocations=30 (full 0):
 garbage-first heap   total 312320K, used 168870K [0x0000000080000000, 0x0000000100000000)
  region size 1024K, 3 young (3072K), 3 survivors (3072K)
 Metaspace       used 104346K, capacity 106730K, committed 107040K, reserved 1142784K
  class space    used 13011K, capacity 13829K, committed 13952K, reserved 1048576K
}
Event: 52.527 GC heap before
{Heap before GC invocations=30 (full 0):
 garbage-first heap   total 312320K, used 180134K [0x0000000080000000, 0x0000000100000000)
  region size 1024K, 15 young (15360K), 3 survivors (3072K)
 Metaspace       used 104452K, capacity 106803K, committed 107040K, reserved 1142784K
  class space    used 13016K, capacity 13832K, committed 13952K, reserved 1048576K
}
Event: 52.531 GC heap after
{Heap after GC invocations=31 (full 0):
 garbage-first heap   total 312320K, used 165936K [0x0000000080000000, 0x0000000100000000)
  region size 1024K, 1 young (1024K), 1 survivors (1024K)
 Metaspace       used 104452K, capacity 106803K, committed 107040K, reserved 1142784K
  class space    used 13016K, capacity 13832K, committed 13952K, reserved 1048576K
}
Event: 52.948 GC heap before
{Heap before GC invocations=31 (full 0):
 garbage-first heap   total 312320K, used 230448K [0x0000000080000000, 0x0000000100000000)
  region size 1024K, 65 young (66560K), 1 survivors (1024K)
 Metaspace       used 106761K, capacity 109247K, committed 109472K, reserved 1144832K
  class space    used 13323K, capacity 14231K, committed 14336K, reserved 1048576K
}
Event: 52.952 GC heap after
{Heap after GC invocations=32 (full 0):
 garbage-first heap   total 312320K, used 166326K [0x0000000080000000, 0x0000000100000000)
  region size 1024K, 2 young (2048K), 2 survivors (2048K)
 Metaspace       used 106761K, capacity 109247K, committed 109472K, reserved 1144832K
  class space    used 13323K, capacity 14231K, committed 14336K, reserved 1048576K
}
Event: 54.056 GC heap before
{Heap before GC invocations=33 (full 0):
 garbage-first heap   total 312320K, used 218550K [0x0000000080000000, 0x0000000100000000)
  region size 1024K, 70 young (71680K), 2 survivors (2048K)
 Metaspace       used 116145K, capacity 118752K, committed 118944K, reserved 1153024K
  class space    used 14318K, capacity 15266K, committed 15360K, reserved 1048576K
}
Event: 54.066 GC heap after
{Heap after GC invocations=34 (full 0):
 garbage-first heap   total 312320K, used 158910K [0x0000000080000000, 0x0000000100000000)
  region size 1024K, 9 young (9216K), 9 survivors (9216K)
 Metaspace       used 116145K, capacity 118752K, committed 118944K, reserved 1153024K
  class space    used 14318K, capacity 15266K, committed 15360K, reserved 1048576K
}
Event: 54.164 GC heap before
{Heap before GC invocations=34 (full 0):
 garbage-first heap   total 312320K, used 165054K [0x0000000080000000, 0x0000000100000000)
  region size 1024K, 15 young (15360K), 9 survivors (9216K)
 Metaspace       used 116765K, capacity 119366K, committed 119584K, reserved 1153024K
  class space    used 14389K, capacity 15363K, committed 15488K, reserved 1048576K
}
Event: 54.180 GC heap after
{Heap after GC invocations=35 (full 0):
 garbage-first heap   total 312320K, used 139366K [0x0000000080000000, 0x0000000100000000)
  region size 1024K, 1 young (1024K), 1 survivors (1024K)
 Metaspace       used 116765K, capacity 119366K, committed 119584K, reserved 1153024K
  class space    used 14389K, capacity 15363K, committed 15488K, reserved 1048576K
}
Event: 55.019 GC heap before
{Heap before GC invocations=35 (full 0):
 garbage-first heap   total 312320K, used 223334K [0x0000000080000000, 0x0000000100000000)
  region size 1024K, 83 young (84992K), 1 survivors (1024K)
 Metaspace       used 122316K, capacity 124978K, committed 125088K, reserved 1159168K
  class space    used 15097K, capacity 16031K, committed 16128K, reserved 1048576K
}
Event: 55.040 GC heap after
{Heap after GC invocations=36 (full 0):
 garbage-first heap   total 312320K, used 174349K [0x0000000080000000, 0x0000000100000000)
  region size 1024K, 11 young (11264K), 11 survivors (11264K)
 Metaspace       used 122316K, capacity 124978K, committed 125088K, reserved 1159168K
  class space    used 15097K, capacity 16031K, committed 16128K, reserved 1048576K
}
Event: 55.249 GC heap before
{Heap before GC invocations=36 (full 0):
 garbage-first heap   total 312320K, used 236813K [0x0000000080000000, 0x0000000100000000)
  region size 1024K, 72 young (73728K), 11 survivors (11264K)
 Metaspace       used 122362K, capacity 125044K, committed 125344K, reserved 1159168K
  class space    used 15097K, capacity 16031K, committed 16128K, reserved 1048576K
}
Event: 55.293 GC heap after
{Heap after GC invocations=37 (full 0):
 garbage-first heap   total 377856K, used 221696K [0x0000000080000000, 0x0000000100000000)
  region size 1024K, 9 young (9216K), 9 survivors (9216K)
 Metaspace       used 122362K, capacity 125044K, committed 125344K, reserved 1159168K
  class space    used 15097K, capacity 16031K, committed 16128K, reserved 1048576K
}
Event: 55.958 GC heap before
{Heap before GC invocations=37 (full 0):
 garbage-first heap   total 377856K, used 281088K [0x0000000080000000, 0x0000000100000000)
  region size 1024K, 64 young (65536K), 9 survivors (9216K)
 Metaspace       used 124728K, capacity 127397K, committed 127648K, reserved 1161216K
  class space    used 15360K, capacity 16302K, committed 16384K, reserved 1048576K
}
Event: 55.972 GC heap after
{Heap after GC invocations=38 (full 0):
 garbage-first heap   total 377856K, used 231936K [0x0000000080000000, 0x0000000100000000)
  region size 1024K, 8 young (8192K), 8 survivors (8192K)
 Metaspace       used 124728K, capacity 127397K, committed 127648K, reserved 1161216K
  class space    used 15360K, capacity 16302K, committed 16384K, reserved 1048576K
}
Event: 56.230 GC heap before
{Heap before GC invocations=38 (full 0):
 garbage-first heap   total 377856K, used 286208K [0x0000000080000000, 0x0000000100000000)
  region size 1024K, 62 young (63488K), 8 survivors (8192K)
 Metaspace       used 127698K, capacity 130696K, committed 130976K, reserved 1163264K
  class space    used 15815K, capacity 16871K, committed 16896K, reserved 1048576K
}
Event: 56.246 GC heap after
{Heap after GC invocations=39 (full 0):
 garbage-first heap   total 377856K, used 244139K [0x0000000080000000, 0x0000000100000000)
  region size 1024K, 8 young (8192K), 8 survivors (8192K)
 Metaspace       used 127698K, capacity 130696K, committed 130976K, reserved 1163264K
  class space    used 15815K, capacity 16871K, committed 16896K, reserved 1048576K
}
Event: 56.497 GC heap before
{Heap before GC invocations=39 (full 0):
 garbage-first heap   total 377856K, used 295339K [0x0000000080000000, 0x0000000100000000)
  region size 1024K, 59 young (60416K), 8 survivors (8192K)
 Metaspace       used 128664K, capacity 131689K, committed 131872K, reserved 1165312K
  class space    used 15911K, capacity 16986K, committed 17024K, reserved 1048576K
}
Event: 56.511 GC heap after
{Heap after GC invocations=40 (full 0):
 garbage-first heap   total 377856K, used 251896K [0x0000000080000000, 0x0000000100000000)
  region size 1024K, 7 young (7168K), 7 survivors (7168K)
 Metaspace       used 128664K, capacity 131689K, committed 131872K, reserved 1165312K
  class space    used 15911K, capacity 16986K, committed 17024K, reserved 1048576K
}
Event: 56.730 GC heap before
{Heap before GC invocations=40 (full 0):
 garbage-first heap   total 377856K, used 304120K [0x0000000080000000, 0x0000000100000000)
  region size 1024K, 57 young (58368K), 7 survivors (7168K)
 Metaspace       used 129274K, capacity 132321K, committed 132512K, reserved 1165312K
  class space    used 15960K, capacity 17058K, committed 17152K, reserved 1048576K
}

